2003.02.06 10:25 B C:\PremiaTemp\Premia5\scilab\Calibration\src\#inout.c# <-- CERMICS /u/cermics/i/temam/Premia5/scilab/Calibration/src #inout.c#
2003.02.06 10:25 B C:\PremiaTemp\Premia5\scilab\Calibration\src\.nfs0073c0390000001b <-- CERMICS /u/cermics/i/temam/Premia5/scilab/Calibration/src .nfs0073c0390000001b
2003.02.06 10:25 B C:\PremiaTemp\Premia5\scilab\Calibration\src\.nfs0073c03c0000001a <-- CERMICS /u/cermics/i/temam/Premia5/scilab/Calibration/src .nfs0073c03c0000001a
2003.02.06 10:25 B C:\PremiaTemp\Premia5\scilab\Calibration\src\.nfs0073c0700000001c <-- CERMICS /u/cermics/i/temam/Premia5/scilab/Calibration/src .nfs0073c0700000001c
2003.02.06 10:25 B C:\PremiaTemp\Premia5\scilab\Calibration\src\BFGSupdate.c <-- CERMICS /u/cermics/i/temam/Premia5/scilab/Calibration/src BFGSupdate.c
2003.02.06 10:25 B C:\PremiaTemp\Premia5\scilab\Calibration\src\BFGSupdate.h <-- CERMICS /u/cermics/i/temam/Premia5/scilab/Calibration/src BFGSupdate.h
2003.02.06 10:25 B C:\PremiaTemp\Premia5\scilab\Calibration\src\BFGSupdate.lo <-- CERMICS /u/cermics/i/temam/Premia5/scilab/Calibration/src BFGSupdate.lo
2003.02.06 10:25 B C:\PremiaTemp\Premia5\scilab\Calibration\src\BFGSupdate.o <-- CERMICS /u/cermics/i/temam/Premia5/scilab/Calibration/src BFGSupdate.o
2003.02.06 10:25 B C:\PremiaTemp\Premia5\scilab\Calibration\src\builder.sce <-- CERMICS /u/cermics/i/temam/Premia5/scilab/Calibration/src builder.sce
2003.02.06 10:25 B C:\PremiaTemp\Premia5\scilab\Calibration\src\calib <-- CERMICS /u/cermics/i/temam/Premia5/scilab/Calibration/src calib
2003.02.06 10:25 B C:\PremiaTemp\Premia5\scilab\Calibration\src\calib.c <-- CERMICS /u/cermics/i/temam/Premia5/scilab/Calibration/src calib.c
2003.02.06 10:25 B C:\PremiaTemp\Premia5\scilab\Calibration\src\calib.in <-- CERMICS /u/cermics/i/temam/Premia5/scilab/Calibration/src calib.in
2003.02.06 10:25 B C:\PremiaTemp\Premia5\scilab\Calibration\src\calib.lo <-- CERMICS /u/cermics/i/temam/Premia5/scilab/Calibration/src calib.lo
2003.02.06 10:25 B C:\PremiaTemp\Premia5\scilab\Calibration\src\calib.o <-- CERMICS /u/cermics/i/temam/Premia5/scilab/Calibration/src calib.o
2003.02.06 10:25 B C:\PremiaTemp\Premia5\scilab\Calibration\src\calib1.c <-- CERMICS /u/cermics/i/temam/Premia5/scilab/Calibration/src calib1.c
2003.02.06 10:25 B C:\PremiaTemp\Premia5\scilab\Calibration\src\cholesky.c <-- CERMICS /u/cermics/i/temam/Premia5/scilab/Calibration/src cholesky.c
2003.02.06 10:25 B C:\PremiaTemp\Premia5\scilab\Calibration\src\cholesky.h <-- CERMICS /u/cermics/i/temam/Premia5/scilab/Calibration/src cholesky.h
2003.02.06 10:25 B C:\PremiaTemp\Premia5\scilab\Calibration\src\cholesky.lo <-- CERMICS /u/cermics/i/temam/Premia5/scilab/Calibration/src cholesky.lo
2003.02.06 10:25 B C:\PremiaTemp\Premia5\scilab\Calibration\src\cholesky.o <-- CERMICS /u/cermics/i/temam/Premia5/scilab/Calibration/src cholesky.o
2003.02.06 10:25 B C:\PremiaTemp\Premia5\scilab\Calibration\src\data.h <-- CERMICS /u/cermics/i/temam/Premia5/scilab/Calibration/src data.h
2003.02.06 10:25 B C:\PremiaTemp\Premia5\scilab\Calibration\src\dataprices <-- CERMICS /u/cermics/i/temam/Premia5/scilab/Calibration/src dataprices
2003.02.06 10:25 B C:\PremiaTemp\Premia5\scilab\Calibration\src\dcalib.c <-- CERMICS /u/cermics/i/temam/Premia5/scilab/Calibration/src dcalib.c
2003.02.06 10:25 B C:\PremiaTemp\Premia5\scilab\Calibration\src\dcalib.lo <-- CERMICS /u/cermics/i/temam/Premia5/scilab/Calibration/src dcalib.lo
2003.02.06 10:25 B C:\PremiaTemp\Premia5\scilab\Calibration\src\dcalib.o <-- CERMICS /u/cermics/i/temam/Premia5/scilab/Calibration/src dcalib.o
2003.02.06 10:25 B C:\PremiaTemp\Premia5\scilab\Calibration\src\DupirePDE.c <-- CERMICS /u/cermics/i/temam/Premia5/scilab/Calibration/src DupirePDE.c
2003.02.06 10:25 B C:\PremiaTemp\Premia5\scilab\Calibration\src\DupirePDE.h <-- CERMICS /u/cermics/i/temam/Premia5/scilab/Calibration/src DupirePDE.h
2003.02.06 10:25 B C:\PremiaTemp\Premia5\scilab\Calibration\src\DupirePDE.lo <-- CERMICS /u/cermics/i/temam/Premia5/scilab/Calibration/src DupirePDE.lo
2003.02.06 10:25 B C:\PremiaTemp\Premia5\scilab\Calibration\src\DupirePDE.o <-- CERMICS /u/cermics/i/temam/Premia5/scilab/Calibration/src DupirePDE.o
2003.02.06 10:25 B C:\PremiaTemp\Premia5\scilab\Calibration\src\dupireprices.data <-- CERMICS /u/cermics/i/temam/Premia5/scilab/Calibration/src dupireprices.data
2003.02.06 10:25 B C:\PremiaTemp\Premia5\scilab\Calibration\src\dupireprices.visu <-- CERMICS /u/cermics/i/temam/Premia5/scilab/Calibration/src dupireprices.visu
2003.02.06 10:25 B C:\PremiaTemp\Premia5\scilab\Calibration\src\dupiresprices.data <-- CERMICS /u/cermics/i/temam/Premia5/scilab/Calibration/src dupiresprices.data
2003.02.06 10:25 B C:\PremiaTemp\Premia5\scilab\Calibration\src\fort.1 <-- CERMICS /u/cermics/i/temam/Premia5/scilab/Calibration/src fort.1
2003.02.06 10:25 B C:\PremiaTemp\Premia5\scilab\Calibration\src\grad.c <-- CERMICS /u/cermics/i/temam/Premia5/scilab/Calibration/src grad.c
2003.02.06 10:25 B C:\PremiaTemp\Premia5\scilab\Calibration\src\grad.h <-- CERMICS /u/cermics/i/temam/Premia5/scilab/Calibration/src grad.h
2003.02.06 10:25 B C:\PremiaTemp\Premia5\scilab\Calibration\src\gradFiniteDiff.c <-- CERMICS /u/cermics/i/temam/Premia5/scilab/Calibration/src gradFiniteDiff.c
2003.02.06 10:25 B C:\PremiaTemp\Premia5\scilab\Calibration\src\gradFiniteDiff.h <-- CERMICS /u/cermics/i/temam/Premia5/scilab/Calibration/src gradFiniteDiff.h
2003.02.06 10:25 B C:\PremiaTemp\Premia5\scilab\Calibration\src\gradFiniteDiff.lo <-- CERMICS /u/cermics/i/temam/Premia5/scilab/Calibration/src gradFiniteDiff.lo
2003.02.06 10:25 B C:\PremiaTemp\Premia5\scilab\Calibration\src\gradFiniteDiff.o <-- CERMICS /u/cermics/i/temam/Premia5/scilab/Calibration/src gradFiniteDiff.o
2003.02.06 10:25 B C:\PremiaTemp\Premia5\scilab\Calibration\src\impsig.c <-- CERMICS /u/cermics/i/temam/Premia5/scilab/Calibration/src impsig.c
2003.02.06 10:25 B C:\PremiaTemp\Premia5\scilab\Calibration\src\impsig.in <-- CERMICS /u/cermics/i/temam/Premia5/scilab/Calibration/src impsig.in
2003.02.06 10:25 B C:\PremiaTemp\Premia5\scilab\Calibration\src\inout.c <-- CERMICS /u/cermics/i/temam/Premia5/scilab/Calibration/src inout.c
2003.02.06 10:25 B C:\PremiaTemp\Premia5\scilab\Calibration\src\inout.h <-- CERMICS /u/cermics/i/temam/Premia5/scilab/Calibration/src inout.h
2003.02.06 10:25 B C:\PremiaTemp\Premia5\scilab\Calibration\src\inout.lo <-- CERMICS /u/cermics/i/temam/Premia5/scilab/Calibration/src inout.lo
2003.02.06 10:25 B C:\PremiaTemp\Premia5\scilab\Calibration\src\inout.o <-- CERMICS /u/cermics/i/temam/Premia5/scilab/Calibration/src inout.o
2003.02.06 10:25 B C:\PremiaTemp\Premia5\scilab\Calibration\src\interface.sci <-- CERMICS /u/cermics/i/temam/Premia5/scilab/Calibration/src interface.sci
2003.02.06 10:25 B C:\PremiaTemp\Premia5\scilab\Calibration\src\interface.sci~ <-- CERMICS /u/cermics/i/temam/Premia5/scilab/Calibration/src interface.sci~
2003.02.06 10:25 B C:\PremiaTemp\Premia5\scilab\Calibration\src\interface_ex.sci <-- CERMICS /u/cermics/i/temam/Premia5/scilab/Calibration/src interface_ex.sci
2003.02.06 10:25 B C:\PremiaTemp\Premia5\scilab\Calibration\src\iterate.dat <-- CERMICS /u/cermics/i/temam/Premia5/scilab/Calibration/src iterate.dat
2003.02.06 10:25 B C:\PremiaTemp\Premia5\scilab\Calibration\src\libcalib.a <-- CERMICS /u/cermics/i/temam/Premia5/scilab/Calibration/src libcalib.a
2003.02.06 10:25 B C:\PremiaTemp\Premia5\scilab\Calibration\src\libcalib.c <-- CERMICS /u/cermics/i/temam/Premia5/scilab/Calibration/src libcalib.c
2003.02.06 10:25 B C:\PremiaTemp\Premia5\scilab\Calibration\src\libcalib.la <-- CERMICS /u/cermics/i/temam/Premia5/scilab/Calibration/src libcalib.la
2003.02.06 10:25 B C:\PremiaTemp\Premia5\scilab\Calibration\src\libcalib.lo <-- CERMICS /u/cermics/i/temam/Premia5/scilab/Calibration/src libcalib.lo
2003.02.06 10:25 B C:\PremiaTemp\Premia5\scilab\Calibration\src\libcalib.o <-- CERMICS /u/cermics/i/temam/Premia5/scilab/Calibration/src libcalib.o
2003.02.06 10:25 B C:\PremiaTemp\Premia5\scilab\Calibration\src\libcalib.so <-- CERMICS /u/cermics/i/temam/Premia5/scilab/Calibration/src libcalib.so
2003.02.06 10:25 B C:\PremiaTemp\Premia5\scilab\Calibration\src\lineSearch.c <-- CERMICS /u/cermics/i/temam/Premia5/scilab/Calibration/src lineSearch.c
2003.02.06 10:25 B C:\PremiaTemp\Premia5\scilab\Calibration\src\lineSearch.h <-- CERMICS /u/cermics/i/temam/Premia5/scilab/Calibration/src lineSearch.h
2003.02.06 10:25 B C:\PremiaTemp\Premia5\scilab\Calibration\src\lineSearch.lo <-- CERMICS /u/cermics/i/temam/Premia5/scilab/Calibration/src lineSearch.lo
2003.02.06 10:25 B C:\PremiaTemp\Premia5\scilab\Calibration\src\lineSearch.o <-- CERMICS /u/cermics/i/temam/Premia5/scilab/Calibration/src lineSearch.o
2003.02.06 10:25 B C:\PremiaTemp\Premia5\scilab\Calibration\src\loader.sce <-- CERMICS /u/cermics/i/temam/Premia5/scilab/Calibration/src loader.sce
2003.02.06 10:25 B C:\PremiaTemp\Premia5\scilab\Calibration\src\Makefile <-- CERMICS /u/cermics/i/temam/Premia5/scilab/Calibration/src Makefile
2003.02.06 10:25 B C:\PremiaTemp\Premia5\scilab\Calibration\src\Makelib <-- CERMICS /u/cermics/i/temam/Premia5/scilab/Calibration/src Makelib
2003.02.06 10:25 B C:\PremiaTemp\Premia5\scilab\Calibration\src\objFunction.c <-- CERMICS /u/cermics/i/temam/Premia5/scilab/Calibration/src objFunction.c
2003.02.06 10:25 B C:\PremiaTemp\Premia5\scilab\Calibration\src\objFunction.h <-- CERMICS /u/cermics/i/temam/Premia5/scilab/Calibration/src objFunction.h
2003.02.06 10:25 B C:\PremiaTemp\Premia5\scilab\Calibration\src\objFunction.lo <-- CERMICS /u/cermics/i/temam/Premia5/scilab/Calibration/src objFunction.lo
2003.02.06 10:25 B C:\PremiaTemp\Premia5\scilab\Calibration\src\objFunction.o <-- CERMICS /u/cermics/i/temam/Premia5/scilab/Calibration/src objFunction.o
2003.02.06 10:25 B C:\PremiaTemp\Premia5\scilab\Calibration\src\optim.in <-- CERMICS /u/cermics/i/temam/Premia5/scilab/Calibration/src optim.in
2003.02.06 10:25 B C:\PremiaTemp\Premia5\scilab\Calibration\src\optim2.in <-- CERMICS /u/cermics/i/temam/Premia5/scilab/Calibration/src optim2.in
2003.02.06 10:25 B C:\PremiaTemp\Premia5\scilab\Calibration\src\QuasiNewton.c <-- CERMICS /u/cermics/i/temam/Premia5/scilab/Calibration/src QuasiNewton.c
2003.02.06 10:25 B C:\PremiaTemp\Premia5\scilab\Calibration\src\QuasiNewton.h <-- CERMICS /u/cermics/i/temam/Premia5/scilab/Calibration/src QuasiNewton.h
2003.02.06 10:25 B C:\PremiaTemp\Premia5\scilab\Calibration\src\QuasiNewton.lo <-- CERMICS /u/cermics/i/temam/Premia5/scilab/Calibration/src QuasiNewton.lo
2003.02.06 10:25 B C:\PremiaTemp\Premia5\scilab\Calibration\src\QuasiNewton.o <-- CERMICS /u/cermics/i/temam/Premia5/scilab/Calibration/src QuasiNewton.o
2003.02.06 10:25 B C:\PremiaTemp\Premia5\scilab\Calibration\src\rafsig.c <-- CERMICS /u/cermics/i/temam/Premia5/scilab/Calibration/src rafsig.c
2003.02.06 10:25 B C:\PremiaTemp\Premia5\scilab\Calibration\src\rafsig.in <-- CERMICS /u/cermics/i/temam/Premia5/scilab/Calibration/src rafsig.in
2003.02.06 10:25 B C:\PremiaTemp\Premia5\scilab\Calibration\src\recup.cat <-- CERMICS /u/cermics/i/temam/Premia5/scilab/Calibration/src recup.cat
2003.02.06 10:25 B C:\PremiaTemp\Premia5\scilab\Calibration\src\recup.m <-- CERMICS /u/cermics/i/temam/Premia5/scilab/Calibration/src recup.m
2003.02.06 10:25 B C:\PremiaTemp\Premia5\scilab\Calibration\src\recup.sci <-- CERMICS /u/cermics/i/temam/Premia5/scilab/Calibration/src recup.sci
2003.02.06 10:25 B C:\PremiaTemp\Premia5\scilab\Calibration\src\routines.f <-- CERMICS /u/cermics/i/temam/Premia5/scilab/Calibration/src routines.f
2003.02.06 10:25 B C:\PremiaTemp\Premia5\scilab\Calibration\src\routines.lo <-- CERMICS /u/cermics/i/temam/Premia5/scilab/Calibration/src routines.lo
2003.02.06 10:25 B C:\PremiaTemp\Premia5\scilab\Calibration\src\routines.o <-- CERMICS /u/cermics/i/temam/Premia5/scilab/Calibration/src routines.o
2003.02.06 10:25 B C:\PremiaTemp\Premia5\scilab\Calibration\src\sci_recup.sci <-- CERMICS /u/cermics/i/temam/Premia5/scilab/Calibration/src sci_recup.sci
2003.02.06 10:25 B C:\PremiaTemp\Premia5\scilab\Calibration\src\sci_visu.sci <-- CERMICS /u/cermics/i/temam/Premia5/scilab/Calibration/src sci_visu.sci
2003.02.06 10:25 B C:\PremiaTemp\Premia5\scilab\Calibration\src\sci_vprice.sci <-- CERMICS /u/cermics/i/temam/Premia5/scilab/Calibration/src sci_vprice.sci
2003.02.06 10:25 B C:\PremiaTemp\Premia5\scilab\Calibration\src\sigmainit_n1m1_0_013.ddl <-- CERMICS /u/cermics/i/temam/Premia5/scilab/Calibration/src sigmainit_n1m1_0_013.ddl
2003.02.06 10:25 B C:\PremiaTemp\Premia5\scilab\Calibration\src\sigmainit_n1m1_0_013.visu <-- CERMICS /u/cermics/i/temam/Premia5/scilab/Calibration/src sigmainit_n1m1_0_013.visu
2003.02.06 10:25 B C:\PremiaTemp\Premia5\scilab\Calibration\src\simul.c <-- CERMICS /u/cermics/i/temam/Premia5/scilab/Calibration/src simul.c
2003.02.06 10:25 B C:\PremiaTemp\Premia5\scilab\Calibration\src\simul.in <-- CERMICS /u/cermics/i/temam/Premia5/scilab/Calibration/src simul.in
2003.02.06 10:25 B C:\PremiaTemp\Premia5\scilab\Calibration\src\solveSystem.c <-- CERMICS /u/cermics/i/temam/Premia5/scilab/Calibration/src solveSystem.c
2003.02.06 10:25 B C:\PremiaTemp\Premia5\scilab\Calibration\src\solveSystem.h <-- CERMICS /u/cermics/i/temam/Premia5/scilab/Calibration/src solveSystem.h
2003.02.06 10:25 B C:\PremiaTemp\Premia5\scilab\Calibration\src\solveSystem.lo <-- CERMICS /u/cermics/i/temam/Premia5/scilab/Calibration/src solveSystem.lo
2003.02.06 10:25 B C:\PremiaTemp\Premia5\scilab\Calibration\src\solveSystem.o <-- CERMICS /u/cermics/i/temam/Premia5/scilab/Calibration/src solveSystem.o
2003.02.06 10:25 B C:\PremiaTemp\Premia5\scilab\Calibration\src\sp500prices.data <-- CERMICS /u/cermics/i/temam/Premia5/scilab/Calibration/src sp500prices.data
2003.02.06 10:25 B C:\PremiaTemp\Premia5\scilab\Calibration\src\sparse.c <-- CERMICS /u/cermics/i/temam/Premia5/scilab/Calibration/src sparse.c
2003.02.06 10:25 B C:\PremiaTemp\Premia5\scilab\Calibration\src\sparse.h <-- CERMICS /u/cermics/i/temam/Premia5/scilab/Calibration/src sparse.h
2003.02.06 10:25 B C:\PremiaTemp\Premia5\scilab\Calibration\src\sparse.lo <-- CERMICS /u/cermics/i/temam/Premia5/scilab/Calibration/src sparse.lo
2003.02.06 10:25 B C:\PremiaTemp\Premia5\scilab\Calibration\src\sparse.o <-- CERMICS /u/cermics/i/temam/Premia5/scilab/Calibration/src sparse.o
2003.02.06 10:25 B C:\PremiaTemp\Premia5\scilab\Calibration\src\spline.c <-- CERMICS /u/cermics/i/temam/Premia5/scilab/Calibration/src spline.c
2003.02.06 10:25 B C:\PremiaTemp\Premia5\scilab\Calibration\src\spline.h <-- CERMICS /u/cermics/i/temam/Premia5/scilab/Calibration/src spline.h
2003.02.06 10:25 B C:\PremiaTemp\Premia5\scilab\Calibration\src\spline.lo <-- CERMICS /u/cermics/i/temam/Premia5/scilab/Calibration/src spline.lo
2003.02.06 10:25 B C:\PremiaTemp\Premia5\scilab\Calibration\src\spline.o <-- CERMICS /u/cermics/i/temam/Premia5/scilab/Calibration/src spline.o
2003.02.06 10:25 B C:\PremiaTemp\Premia5\scilab\Calibration\src\stopping.c <-- CERMICS /u/cermics/i/temam/Premia5/scilab/Calibration/src stopping.c
2003.02.06 10:25 B C:\PremiaTemp\Premia5\scilab\Calibration\src\stopping.h <-- CERMICS /u/cermics/i/temam/Premia5/scilab/Calibration/src stopping.h
2003.02.06 10:25 B C:\PremiaTemp\Premia5\scilab\Calibration\src\stopping.lo <-- CERMICS /u/cermics/i/temam/Premia5/scilab/Calibration/src stopping.lo
2003.02.06 10:25 B C:\PremiaTemp\Premia5\scilab\Calibration\src\stopping.o <-- CERMICS /u/cermics/i/temam/Premia5/scilab/Calibration/src stopping.o
2003.02.06 10:25 B C:\PremiaTemp\Premia5\scilab\Calibration\src\testing.c <-- CERMICS /u/cermics/i/temam/Premia5/scilab/Calibration/src testing.c
2003.02.06 10:25 B C:\PremiaTemp\Premia5\scilab\Calibration\src\testing.h <-- CERMICS /u/cermics/i/temam/Premia5/scilab/Calibration/src testing.h
2003.02.06 10:25 B C:\PremiaTemp\Premia5\scilab\Calibration\src\testing.lo <-- CERMICS /u/cermics/i/temam/Premia5/scilab/Calibration/src testing.lo
2003.02.06 10:25 B C:\PremiaTemp\Premia5\scilab\Calibration\src\testing.o <-- CERMICS /u/cermics/i/temam/Premia5/scilab/Calibration/src testing.o
2003.02.06 10:25 B C:\PremiaTemp\Premia5\scilab\Calibration\src\utilsGrad.c <-- CERMICS /u/cermics/i/temam/Premia5/scilab/Calibration/src utilsGrad.c
2003.02.06 10:25 B C:\PremiaTemp\Premia5\scilab\Calibration\src\utilsGrad.h <-- CERMICS /u/cermics/i/temam/Premia5/scilab/Calibration/src utilsGrad.h
2003.02.06 10:25 B C:\PremiaTemp\Premia5\scilab\Calibration\src\v2_008_1_sigmaest_n1m1_0_013.ddl <-- CERMICS /u/cermics/i/temam/Premia5/scilab/Calibration/src v2_008_1_sigmaest_n1m1_0_013.ddl
2003.02.06 10:25 B C:\PremiaTemp\Premia5\scilab\Calibration\src\v2_008_1_sigmaest_n1m1_0_013.visu <-- CERMICS /u/cermics/i/temam/Premia5/scilab/Calibration/src v2_008_1_sigmaest_n1m1_0_013.visu
2003.02.06 10:25 B C:\PremiaTemp\Premia5\scilab\Calibration\src\visu.cat <-- CERMICS /u/cermics/i/temam/Premia5/scilab/Calibration/src visu.cat
2003.02.06 10:25 B C:\PremiaTemp\Premia5\scilab\Calibration\src\visu.m <-- CERMICS /u/cermics/i/temam/Premia5/scilab/Calibration/src visu.m
2003.02.06 10:25 B C:\PremiaTemp\Premia5\scilab\Calibration\src\visu.sci <-- CERMICS /u/cermics/i/temam/Premia5/scilab/Calibration/src visu.sci
2003.02.06 10:25 B C:\PremiaTemp\Premia5\scilab\Calibration\src\visuprices <-- CERMICS /u/cermics/i/temam/Premia5/scilab/Calibration/src visuprices
2003.02.06 10:25 B C:\PremiaTemp\Premia5\scilab\Calibration\src\visusig.c <-- CERMICS /u/cermics/i/temam/Premia5/scilab/Calibration/src visusig.c
2003.02.06 10:25 B C:\PremiaTemp\Premia5\scilab\Calibration\src\visusig.in <-- CERMICS /u/cermics/i/temam/Premia5/scilab/Calibration/src visusig.in
2003.02.06 10:25 B C:\PremiaTemp\Premia5\scilab\Calibration\src\visusigma <-- CERMICS /u/cermics/i/temam/Premia5/scilab/Calibration/src visusigma
2003.02.06 10:25 B C:\PremiaTemp\Premia5\scilab\Calibration\src\vprice.cat <-- CERMICS /u/cermics/i/temam/Premia5/scilab/Calibration/src vprice.cat
2003.02.06 10:25 B C:\PremiaTemp\Premia5\scilab\Calibration\src\vprice.m <-- CERMICS /u/cermics/i/temam/Premia5/scilab/Calibration/src vprice.m
2003.02.06 10:25 B C:\PremiaTemp\Premia5\scilab\Calibration\src\vprice.sci <-- CERMICS /u/cermics/i/temam/Premia5/scilab/Calibration/src vprice.sci
