2003.02.06 10:23 B C:\PremiaTemp\Premia5\scilab\Calibration\doc\rapport_src\fig\calib2_decfcout_nm1_0.eps.bb <-- CERMICS /u/cermics/i/temam/Premia5/scilab/Calibration/doc/rapport_src/fig calib2_decfcout_nm1_0.eps.bb
2003.02.06 10:23 B C:\PremiaTemp\Premia5\scilab\Calibration\doc\rapport_src\fig\calib2_decfcout_nm1_0.eps.gz <-- CERMICS /u/cermics/i/temam/Premia5/scilab/Calibration/doc/rapport_src/fig calib2_decfcout_nm1_0.eps.gz
2003.02.06 10:23 B C:\PremiaTemp\Premia5\scilab\Calibration\doc\rapport_src\fig\calib2_decfcout_nm1_10.eps.bb <-- CERMICS /u/cermics/i/temam/Premia5/scilab/Calibration/doc/rapport_src/fig calib2_decfcout_nm1_10.eps.bb
2003.02.06 10:23 B C:\PremiaTemp\Premia5\scilab\Calibration\doc\rapport_src\fig\calib2_decfcout_nm1_10.eps.gz <-- CERMICS /u/cermics/i/temam/Premia5/scilab/Calibration/doc/rapport_src/fig calib2_decfcout_nm1_10.eps.gz
2003.02.06 10:23 B C:\PremiaTemp\Premia5\scilab\Calibration\doc\rapport_src\fig\calib2_decfcout_nm1_100.eps.bb <-- CERMICS /u/cermics/i/temam/Premia5/scilab/Calibration/doc/rapport_src/fig calib2_decfcout_nm1_100.eps.bb
2003.02.06 10:23 B C:\PremiaTemp\Premia5\scilab\Calibration\doc\rapport_src\fig\calib2_decfcout_nm1_100.eps.gz <-- CERMICS /u/cermics/i/temam/Premia5/scilab/Calibration/doc/rapport_src/fig calib2_decfcout_nm1_100.eps.gz
2003.02.06 10:23 B C:\PremiaTemp\Premia5\scilab\Calibration\doc\rapport_src\fig\calib2_decfcout_nm3_0.eps.bb <-- CERMICS /u/cermics/i/temam/Premia5/scilab/Calibration/doc/rapport_src/fig calib2_decfcout_nm3_0.eps.bb
2003.02.06 10:23 B C:\PremiaTemp\Premia5\scilab\Calibration\doc\rapport_src\fig\calib2_decfcout_nm3_0.eps.gz <-- CERMICS /u/cermics/i/temam/Premia5/scilab/Calibration/doc/rapport_src/fig calib2_decfcout_nm3_0.eps.gz
2003.02.06 10:23 B C:\PremiaTemp\Premia5\scilab\Calibration\doc\rapport_src\fig\calib2_errorrel_nm1_0.eps.bb <-- CERMICS /u/cermics/i/temam/Premia5/scilab/Calibration/doc/rapport_src/fig calib2_errorrel_nm1_0.eps.bb
2003.02.06 10:23 B C:\PremiaTemp\Premia5\scilab\Calibration\doc\rapport_src\fig\calib2_errorrel_nm1_0.eps.gz <-- CERMICS /u/cermics/i/temam/Premia5/scilab/Calibration/doc/rapport_src/fig calib2_errorrel_nm1_0.eps.gz
2003.02.06 10:23 B C:\PremiaTemp\Premia5\scilab\Calibration\doc\rapport_src\fig\calib2_errorrel_nm1_10.eps.bb <-- CERMICS /u/cermics/i/temam/Premia5/scilab/Calibration/doc/rapport_src/fig calib2_errorrel_nm1_10.eps.bb
2003.02.06 10:23 B C:\PremiaTemp\Premia5\scilab\Calibration\doc\rapport_src\fig\calib2_errorrel_nm1_10.eps.gz <-- CERMICS /u/cermics/i/temam/Premia5/scilab/Calibration/doc/rapport_src/fig calib2_errorrel_nm1_10.eps.gz
2003.02.06 10:24 B C:\PremiaTemp\Premia5\scilab\Calibration\doc\rapport_src\fig\calib2_errorrel_nm1_100.eps.bb <-- CERMICS /u/cermics/i/temam/Premia5/scilab/Calibration/doc/rapport_src/fig calib2_errorrel_nm1_100.eps.bb
2003.02.06 10:24 B C:\PremiaTemp\Premia5\scilab\Calibration\doc\rapport_src\fig\calib2_errorrel_nm1_100.eps.gz <-- CERMICS /u/cermics/i/temam/Premia5/scilab/Calibration/doc/rapport_src/fig calib2_errorrel_nm1_100.eps.gz
2003.02.06 10:24 B C:\PremiaTemp\Premia5\scilab\Calibration\doc\rapport_src\fig\calib2_errorrel_nm3_0.eps.bb <-- CERMICS /u/cermics/i/temam/Premia5/scilab/Calibration/doc/rapport_src/fig calib2_errorrel_nm3_0.eps.bb
2003.02.06 10:24 B C:\PremiaTemp\Premia5\scilab\Calibration\doc\rapport_src\fig\calib2_errorrel_nm3_0.eps.gz <-- CERMICS /u/cermics/i/temam/Premia5/scilab/Calibration/doc/rapport_src/fig calib2_errorrel_nm3_0.eps.gz
2003.02.06 10:24 B C:\PremiaTemp\Premia5\scilab\Calibration\doc\rapport_src\fig\calib2_sigmaest_nm1_0.eps.bb <-- CERMICS /u/cermics/i/temam/Premia5/scilab/Calibration/doc/rapport_src/fig calib2_sigmaest_nm1_0.eps.bb
2003.02.06 10:24 B C:\PremiaTemp\Premia5\scilab\Calibration\doc\rapport_src\fig\calib2_sigmaest_nm1_0.eps.gz <-- CERMICS /u/cermics/i/temam/Premia5/scilab/Calibration/doc/rapport_src/fig calib2_sigmaest_nm1_0.eps.gz
2003.02.06 10:24 B C:\PremiaTemp\Premia5\scilab\Calibration\doc\rapport_src\fig\calib2_sigmaest_nm1_10.eps.bb <-- CERMICS /u/cermics/i/temam/Premia5/scilab/Calibration/doc/rapport_src/fig calib2_sigmaest_nm1_10.eps.bb
2003.02.06 10:24 B C:\PremiaTemp\Premia5\scilab\Calibration\doc\rapport_src\fig\calib2_sigmaest_nm1_10.eps.gz <-- CERMICS /u/cermics/i/temam/Premia5/scilab/Calibration/doc/rapport_src/fig calib2_sigmaest_nm1_10.eps.gz
2003.02.06 10:24 B C:\PremiaTemp\Premia5\scilab\Calibration\doc\rapport_src\fig\calib2_sigmaest_nm1_100.eps.bb <-- CERMICS /u/cermics/i/temam/Premia5/scilab/Calibration/doc/rapport_src/fig calib2_sigmaest_nm1_100.eps.bb
2003.02.06 10:24 B C:\PremiaTemp\Premia5\scilab\Calibration\doc\rapport_src\fig\calib2_sigmaest_nm1_100.eps.gz <-- CERMICS /u/cermics/i/temam/Premia5/scilab/Calibration/doc/rapport_src/fig calib2_sigmaest_nm1_100.eps.gz
2003.02.06 10:24 B C:\PremiaTemp\Premia5\scilab\Calibration\doc\rapport_src\fig\calib2_sigmaest_nm3_0.eps.bb <-- CERMICS /u/cermics/i/temam/Premia5/scilab/Calibration/doc/rapport_src/fig calib2_sigmaest_nm3_0.eps.bb
2003.02.06 10:24 B C:\PremiaTemp\Premia5\scilab\Calibration\doc\rapport_src\fig\calib2_sigmaest_nm3_0.eps.gz <-- CERMICS /u/cermics/i/temam/Premia5/scilab/Calibration/doc/rapport_src/fig calib2_sigmaest_nm3_0.eps.gz
2003.02.06 10:24 B C:\PremiaTemp\Premia5\scilab\Calibration\doc\rapport_src\fig\calib2_sigmatrue.eps.bb <-- CERMICS /u/cermics/i/temam/Premia5/scilab/Calibration/doc/rapport_src/fig calib2_sigmatrue.eps.bb
2003.02.06 10:24 B C:\PremiaTemp\Premia5\scilab\Calibration\doc\rapport_src\fig\calib2_sigmatrue.eps.gz <-- CERMICS /u/cermics/i/temam/Premia5/scilab/Calibration/doc/rapport_src/fig calib2_sigmatrue.eps.gz
2003.02.06 10:24 B C:\PremiaTemp\Premia5\scilab\Calibration\doc\rapport_src\fig\calib3_decfcout_n1m1_0_01.eps.bb <-- CERMICS /u/cermics/i/temam/Premia5/scilab/Calibration/doc/rapport_src/fig calib3_decfcout_n1m1_0_01.eps.bb
2003.02.06 10:24 B C:\PremiaTemp\Premia5\scilab\Calibration\doc\rapport_src\fig\calib3_decfcout_n1m1_0_01.eps.gz <-- CERMICS /u/cermics/i/temam/Premia5/scilab/Calibration/doc/rapport_src/fig calib3_decfcout_n1m1_0_01.eps.gz
2003.02.06 10:24 B C:\PremiaTemp\Premia5\scilab\Calibration\doc\rapport_src\fig\calib3_decfcout_n1m1_0_035.eps.bb <-- CERMICS /u/cermics/i/temam/Premia5/scilab/Calibration/doc/rapport_src/fig calib3_decfcout_n1m1_0_035.eps.bb
2003.02.06 10:24 B C:\PremiaTemp\Premia5\scilab\Calibration\doc\rapport_src\fig\calib3_decfcout_n1m1_0_035.eps.gz <-- CERMICS /u/cermics/i/temam/Premia5/scilab/Calibration/doc/rapport_src/fig calib3_decfcout_n1m1_0_035.eps.gz
2003.02.06 10:24 B C:\PremiaTemp\Premia5\scilab\Calibration\doc\rapport_src\fig\calib3_decfcout_n1m1_0_05.eps.bb <-- CERMICS /u/cermics/i/temam/Premia5/scilab/Calibration/doc/rapport_src/fig calib3_decfcout_n1m1_0_05.eps.bb
2003.02.06 10:24 B C:\PremiaTemp\Premia5\scilab\Calibration\doc\rapport_src\fig\calib3_decfcout_n1m1_0_05.eps.gz <-- CERMICS /u/cermics/i/temam/Premia5/scilab/Calibration/doc/rapport_src/fig calib3_decfcout_n1m1_0_05.eps.gz
2003.02.06 10:24 B C:\PremiaTemp\Premia5\scilab\Calibration\doc\rapport_src\fig\calib3_decfcout_n1m1_0_09.eps.bb <-- CERMICS /u/cermics/i/temam/Premia5/scilab/Calibration/doc/rapport_src/fig calib3_decfcout_n1m1_0_09.eps.bb
2003.02.06 10:24 B C:\PremiaTemp\Premia5\scilab\Calibration\doc\rapport_src\fig\calib3_decfcout_n1m1_0_09.eps.gz <-- CERMICS /u/cermics/i/temam/Premia5/scilab/Calibration/doc/rapport_src/fig calib3_decfcout_n1m1_0_09.eps.gz
2003.02.06 10:24 B C:\PremiaTemp\Premia5\scilab\Calibration\doc\rapport_src\fig\calib3_decfcout_n3m3_0_01.eps.bb <-- CERMICS /u/cermics/i/temam/Premia5/scilab/Calibration/doc/rapport_src/fig calib3_decfcout_n3m3_0_01.eps.bb
2003.02.06 10:24 B C:\PremiaTemp\Premia5\scilab\Calibration\doc\rapport_src\fig\calib3_decfcout_n3m3_0_01.eps.gz <-- CERMICS /u/cermics/i/temam/Premia5/scilab/Calibration/doc/rapport_src/fig calib3_decfcout_n3m3_0_01.eps.gz
2003.02.06 10:24 B C:\PremiaTemp\Premia5\scilab\Calibration\doc\rapport_src\fig\calib3_decfcout_n3m3_0_035.eps.bb <-- CERMICS /u/cermics/i/temam/Premia5/scilab/Calibration/doc/rapport_src/fig calib3_decfcout_n3m3_0_035.eps.bb
2003.02.06 10:24 B C:\PremiaTemp\Premia5\scilab\Calibration\doc\rapport_src\fig\calib3_decfcout_n3m3_0_035.eps.gz <-- CERMICS /u/cermics/i/temam/Premia5/scilab/Calibration/doc/rapport_src/fig calib3_decfcout_n3m3_0_035.eps.gz
2003.02.06 10:24 B C:\PremiaTemp\Premia5\scilab\Calibration\doc\rapport_src\fig\calib3_decfcout_n3m3_0_05.eps.bb <-- CERMICS /u/cermics/i/temam/Premia5/scilab/Calibration/doc/rapport_src/fig calib3_decfcout_n3m3_0_05.eps.bb
2003.02.06 10:24 B C:\PremiaTemp\Premia5\scilab\Calibration\doc\rapport_src\fig\calib3_decfcout_n3m3_0_05.eps.gz <-- CERMICS /u/cermics/i/temam/Premia5/scilab/Calibration/doc/rapport_src/fig calib3_decfcout_n3m3_0_05.eps.gz
2003.02.06 10:24 B C:\PremiaTemp\Premia5\scilab\Calibration\doc\rapport_src\fig\calib3_decfcout_n3m3_0_09.eps.bb <-- CERMICS /u/cermics/i/temam/Premia5/scilab/Calibration/doc/rapport_src/fig calib3_decfcout_n3m3_0_09.eps.bb
2003.02.06 10:24 B C:\PremiaTemp\Premia5\scilab\Calibration\doc\rapport_src\fig\calib3_decfcout_n3m3_0_09.eps.gz <-- CERMICS /u/cermics/i/temam/Premia5/scilab/Calibration/doc/rapport_src/fig calib3_decfcout_n3m3_0_09.eps.gz
2003.02.06 10:24 B C:\PremiaTemp\Premia5\scilab\Calibration\doc\rapport_src\fig\calib3_errorrel_nm3_01.eps.bb <-- CERMICS /u/cermics/i/temam/Premia5/scilab/Calibration/doc/rapport_src/fig calib3_errorrel_nm3_01.eps.bb
2003.02.06 10:24 B C:\PremiaTemp\Premia5\scilab\Calibration\doc\rapport_src\fig\calib3_errorrel_nm3_01.eps.gz <-- CERMICS /u/cermics/i/temam/Premia5/scilab/Calibration/doc/rapport_src/fig calib3_errorrel_nm3_01.eps.gz
2003.02.06 10:24 B C:\PremiaTemp\Premia5\scilab\Calibration\doc\rapport_src\fig\calib3_errorrel_nm3_035.eps.bb <-- CERMICS /u/cermics/i/temam/Premia5/scilab/Calibration/doc/rapport_src/fig calib3_errorrel_nm3_035.eps.bb
2003.02.06 10:24 B C:\PremiaTemp\Premia5\scilab\Calibration\doc\rapport_src\fig\calib3_errorrel_nm3_035.eps.gz <-- CERMICS /u/cermics/i/temam/Premia5/scilab/Calibration/doc/rapport_src/fig calib3_errorrel_nm3_035.eps.gz
2003.02.06 10:24 B C:\PremiaTemp\Premia5\scilab\Calibration\doc\rapport_src\fig\calib3_errorrel_nm3_05.eps.bb <-- CERMICS /u/cermics/i/temam/Premia5/scilab/Calibration/doc/rapport_src/fig calib3_errorrel_nm3_05.eps.bb
2003.02.06 10:24 B C:\PremiaTemp\Premia5\scilab\Calibration\doc\rapport_src\fig\calib3_errorrel_nm3_05.eps.gz <-- CERMICS /u/cermics/i/temam/Premia5/scilab/Calibration/doc/rapport_src/fig calib3_errorrel_nm3_05.eps.gz
2003.02.06 10:24 B C:\PremiaTemp\Premia5\scilab\Calibration\doc\rapport_src\fig\calib3_errorrel_nm3_09.eps.bb <-- CERMICS /u/cermics/i/temam/Premia5/scilab/Calibration/doc/rapport_src/fig calib3_errorrel_nm3_09.eps.bb
2003.02.06 10:24 B C:\PremiaTemp\Premia5\scilab\Calibration\doc\rapport_src\fig\calib3_errorrel_nm3_09.eps.gz <-- CERMICS /u/cermics/i/temam/Premia5/scilab/Calibration/doc/rapport_src/fig calib3_errorrel_nm3_09.eps.gz
2003.02.06 10:24 B C:\PremiaTemp\Premia5\scilab\Calibration\doc\rapport_src\fig\calib3_sigmaest_nm3_01.eps.bb <-- CERMICS /u/cermics/i/temam/Premia5/scilab/Calibration/doc/rapport_src/fig calib3_sigmaest_nm3_01.eps.bb
2003.02.06 10:24 B C:\PremiaTemp\Premia5\scilab\Calibration\doc\rapport_src\fig\calib3_sigmaest_nm3_01.eps.gz <-- CERMICS /u/cermics/i/temam/Premia5/scilab/Calibration/doc/rapport_src/fig calib3_sigmaest_nm3_01.eps.gz
2003.02.06 10:24 B C:\PremiaTemp\Premia5\scilab\Calibration\doc\rapport_src\fig\calib3_sigmaest_nm3_035.eps.bb <-- CERMICS /u/cermics/i/temam/Premia5/scilab/Calibration/doc/rapport_src/fig calib3_sigmaest_nm3_035.eps.bb
2003.02.06 10:24 B C:\PremiaTemp\Premia5\scilab\Calibration\doc\rapport_src\fig\calib3_sigmaest_nm3_035.eps.gz <-- CERMICS /u/cermics/i/temam/Premia5/scilab/Calibration/doc/rapport_src/fig calib3_sigmaest_nm3_035.eps.gz
2003.02.06 10:24 B C:\PremiaTemp\Premia5\scilab\Calibration\doc\rapport_src\fig\calib3_sigmaest_nm3_05.eps.bb <-- CERMICS /u/cermics/i/temam/Premia5/scilab/Calibration/doc/rapport_src/fig calib3_sigmaest_nm3_05.eps.bb
2003.02.06 10:24 B C:\PremiaTemp\Premia5\scilab\Calibration\doc\rapport_src\fig\calib3_sigmaest_nm3_05.eps.gz <-- CERMICS /u/cermics/i/temam/Premia5/scilab/Calibration/doc/rapport_src/fig calib3_sigmaest_nm3_05.eps.gz
2003.02.06 10:24 B C:\PremiaTemp\Premia5\scilab\Calibration\doc\rapport_src\fig\calib3_sigmaest_nm3_09.eps.bb <-- CERMICS /u/cermics/i/temam/Premia5/scilab/Calibration/doc/rapport_src/fig calib3_sigmaest_nm3_09.eps.bb
2003.02.06 10:24 B C:\PremiaTemp\Premia5\scilab\Calibration\doc\rapport_src\fig\calib3_sigmaest_nm3_09.eps.gz <-- CERMICS /u/cermics/i/temam/Premia5/scilab/Calibration/doc/rapport_src/fig calib3_sigmaest_nm3_09.eps.gz
2003.02.06 10:24 B C:\PremiaTemp\Premia5\scilab\Calibration\doc\rapport_src\fig\calib3_sigmatrue.eps.bb <-- CERMICS /u/cermics/i/temam/Premia5/scilab/Calibration/doc/rapport_src/fig calib3_sigmatrue.eps.bb
2003.02.06 10:24 B C:\PremiaTemp\Premia5\scilab\Calibration\doc\rapport_src\fig\calib3_sigmatrue.eps.gz <-- CERMICS /u/cermics/i/temam/Premia5/scilab/Calibration/doc/rapport_src/fig calib3_sigmatrue.eps.gz
2003.02.06 10:24 B C:\PremiaTemp\Premia5\scilab\Calibration\doc\rapport_src\fig\calib3_v2_0_1_decfcout_n1m1_0_09.eps.bb <-- CERMICS /u/cermics/i/temam/Premia5/scilab/Calibration/doc/rapport_src/fig calib3_v2_0_1_decfcout_n1m1_0_09.eps.bb
2003.02.06 10:24 B C:\PremiaTemp\Premia5\scilab\Calibration\doc\rapport_src\fig\calib3_v2_0_1_decfcout_n1m1_0_09.eps.gz <-- CERMICS /u/cermics/i/temam/Premia5/scilab/Calibration/doc/rapport_src/fig calib3_v2_0_1_decfcout_n1m1_0_09.eps.gz
2003.02.06 10:24 B C:\PremiaTemp\Premia5\scilab\Calibration\doc\rapport_src\fig\calib3_v2_0_1_decfcout_n3m3_0_09.eps.bb <-- CERMICS /u/cermics/i/temam/Premia5/scilab/Calibration/doc/rapport_src/fig calib3_v2_0_1_decfcout_n3m3_0_09.eps.bb
2003.02.06 10:24 B C:\PremiaTemp\Premia5\scilab\Calibration\doc\rapport_src\fig\calib3_v2_0_1_decfcout_n3m3_0_09.eps.gz <-- CERMICS /u/cermics/i/temam/Premia5/scilab/Calibration/doc/rapport_src/fig calib3_v2_0_1_decfcout_n3m3_0_09.eps.gz
2003.02.06 10:24 B C:\PremiaTemp\Premia5\scilab\Calibration\doc\rapport_src\fig\calib3_v2_0_1_errorrel_nm3_09.eps.bb <-- CERMICS /u/cermics/i/temam/Premia5/scilab/Calibration/doc/rapport_src/fig calib3_v2_0_1_errorrel_nm3_09.eps.bb
2003.02.06 10:24 B C:\PremiaTemp\Premia5\scilab\Calibration\doc\rapport_src\fig\calib3_v2_0_1_errorrel_nm3_09.eps.gz <-- CERMICS /u/cermics/i/temam/Premia5/scilab/Calibration/doc/rapport_src/fig calib3_v2_0_1_errorrel_nm3_09.eps.gz
2003.02.06 10:24 B C:\PremiaTemp\Premia5\scilab\Calibration\doc\rapport_src\fig\calib3_v2_0_1_sigmaest_nm3_09.eps.bb <-- CERMICS /u/cermics/i/temam/Premia5/scilab/Calibration/doc/rapport_src/fig calib3_v2_0_1_sigmaest_nm3_09.eps.bb
2003.02.06 10:24 B C:\PremiaTemp\Premia5\scilab\Calibration\doc\rapport_src\fig\calib3_v2_0_1_sigmaest_nm3_09.eps.gz <-- CERMICS /u/cermics/i/temam/Premia5/scilab/Calibration/doc/rapport_src/fig calib3_v2_0_1_sigmaest_nm3_09.eps.gz
2003.02.06 10:24 B C:\PremiaTemp\Premia5\scilab\Calibration\doc\rapport_src\fig\ddl.eps.bb <-- CERMICS /u/cermics/i/temam/Premia5/scilab/Calibration/doc/rapport_src/fig ddl.eps.bb
2003.02.06 10:24 B C:\PremiaTemp\Premia5\scilab\Calibration\doc\rapport_src\fig\ddl.eps.gz <-- CERMICS /u/cermics/i/temam/Premia5/scilab/Calibration/doc/rapport_src/fig ddl.eps.gz
2003.02.06 10:24 B C:\PremiaTemp\Premia5\scilab\Calibration\doc\rapport_src\fig\ddl.fig <-- CERMICS /u/cermics/i/temam/Premia5/scilab/Calibration/doc/rapport_src/fig ddl.fig
2003.02.06 10:24 B C:\PremiaTemp\Premia5\scilab\Calibration\doc\rapport_src\fig\dupire02.eps.bb <-- CERMICS /u/cermics/i/temam/Premia5/scilab/Calibration/doc/rapport_src/fig dupire02.eps.bb
2003.02.06 10:24 B C:\PremiaTemp\Premia5\scilab\Calibration\doc\rapport_src\fig\dupire02.eps.gz <-- CERMICS /u/cermics/i/temam/Premia5/scilab/Calibration/doc/rapport_src/fig dupire02.eps.gz
2003.02.06 10:24 B C:\PremiaTemp\Premia5\scilab\Calibration\doc\rapport_src\fig\dupire02tanh.eps.bb <-- CERMICS /u/cermics/i/temam/Premia5/scilab/Calibration/doc/rapport_src/fig dupire02tanh.eps.bb
2003.02.06 10:24 B C:\PremiaTemp\Premia5\scilab\Calibration\doc\rapport_src\fig\dupire02tanh.eps.gz <-- CERMICS /u/cermics/i/temam/Premia5/scilab/Calibration/doc/rapport_src/fig dupire02tanh.eps.gz
2003.02.06 10:24 B C:\PremiaTemp\Premia5\scilab\Calibration\doc\rapport_src\fig\dupiretsur2tanh.eps.bb <-- CERMICS /u/cermics/i/temam/Premia5/scilab/Calibration/doc/rapport_src/fig dupiretsur2tanh.eps.bb
2003.02.06 10:24 B C:\PremiaTemp\Premia5\scilab\Calibration\doc\rapport_src\fig\dupiretsur2tanh.eps.gz <-- CERMICS /u/cermics/i/temam/Premia5/scilab/Calibration/doc/rapport_src/fig dupiretsur2tanh.eps.gz
2003.02.06 10:24 B C:\PremiaTemp\Premia5\scilab\Calibration\doc\rapport_src\fig\erreur02.eps.bb <-- CERMICS /u/cermics/i/temam/Premia5/scilab/Calibration/doc/rapport_src/fig erreur02.eps.bb
2003.02.06 10:24 B C:\PremiaTemp\Premia5\scilab\Calibration\doc\rapport_src\fig\erreur02.eps.gz <-- CERMICS /u/cermics/i/temam/Premia5/scilab/Calibration/doc/rapport_src/fig erreur02.eps.gz
2003.02.06 10:24 B C:\PremiaTemp\Premia5\scilab\Calibration\doc\rapport_src\fig\erreur02tanh.eps.bb <-- CERMICS /u/cermics/i/temam/Premia5/scilab/Calibration/doc/rapport_src/fig erreur02tanh.eps.bb
2003.02.06 10:24 B C:\PremiaTemp\Premia5\scilab\Calibration\doc\rapport_src\fig\erreur02tanh.eps.gz <-- CERMICS /u/cermics/i/temam/Premia5/scilab/Calibration/doc/rapport_src/fig erreur02tanh.eps.gz
2003.02.06 10:24 B C:\PremiaTemp\Premia5\scilab\Calibration\doc\rapport_src\fig\erreurtsur2tanh.eps.bb <-- CERMICS /u/cermics/i/temam/Premia5/scilab/Calibration/doc/rapport_src/fig erreurtsur2tanh.eps.bb
2003.02.06 10:24 B C:\PremiaTemp\Premia5\scilab\Calibration\doc\rapport_src\fig\erreurtsur2tanh.eps.gz <-- CERMICS /u/cermics/i/temam/Premia5/scilab/Calibration/doc/rapport_src/fig erreurtsur2tanh.eps.gz
2003.02.06 10:24 B C:\PremiaTemp\Premia5\scilab\Calibration\doc\rapport_src\fig\grille1.eps.bb <-- CERMICS /u/cermics/i/temam/Premia5/scilab/Calibration/doc/rapport_src/fig grille1.eps.bb
2003.02.06 10:24 B C:\PremiaTemp\Premia5\scilab\Calibration\doc\rapport_src\fig\grille1.eps.gz <-- CERMICS /u/cermics/i/temam/Premia5/scilab/Calibration/doc/rapport_src/fig grille1.eps.gz
2003.02.06 10:24 B C:\PremiaTemp\Premia5\scilab\Calibration\doc\rapport_src\fig\grille1.fig <-- CERMICS /u/cermics/i/temam/Premia5/scilab/Calibration/doc/rapport_src/fig grille1.fig
2003.02.06 10:24 B C:\PremiaTemp\Premia5\scilab\Calibration\doc\rapport_src\fig\grille3.eps.bb <-- CERMICS /u/cermics/i/temam/Premia5/scilab/Calibration/doc/rapport_src/fig grille3.eps.bb
2003.02.06 10:24 B C:\PremiaTemp\Premia5\scilab\Calibration\doc\rapport_src\fig\grille3.eps.gz <-- CERMICS /u/cermics/i/temam/Premia5/scilab/Calibration/doc/rapport_src/fig grille3.eps.gz
2003.02.06 10:24 B C:\PremiaTemp\Premia5\scilab\Calibration\doc\rapport_src\fig\grille3.fig <-- CERMICS /u/cermics/i/temam/Premia5/scilab/Calibration/doc/rapport_src/fig grille3.fig
2003.02.06 10:24 B C:\PremiaTemp\Premia5\scilab\Calibration\doc\rapport_src\fig\reel1_decfcout.eps.bb <-- CERMICS /u/cermics/i/temam/Premia5/scilab/Calibration/doc/rapport_src/fig reel1_decfcout.eps.bb
2003.02.06 10:24 B C:\PremiaTemp\Premia5\scilab\Calibration\doc\rapport_src\fig\reel1_decfcout.eps.gz <-- CERMICS /u/cermics/i/temam/Premia5/scilab/Calibration/doc/rapport_src/fig reel1_decfcout.eps.gz
2003.02.06 10:24 B C:\PremiaTemp\Premia5\scilab\Calibration\doc\rapport_src\fig\reel1_sigmaest120_n1m1_0_013.eps.bb <-- CERMICS /u/cermics/i/temam/Premia5/scilab/Calibration/doc/rapport_src/fig reel1_sigmaest120_n1m1_0_013.eps.bb
2003.02.06 10:24 B C:\PremiaTemp\Premia5\scilab\Calibration\doc\rapport_src\fig\reel1_sigmaest120_n1m1_0_013.eps.gz <-- CERMICS /u/cermics/i/temam/Premia5/scilab/Calibration/doc/rapport_src/fig reel1_sigmaest120_n1m1_0_013.eps.gz
2003.02.06 10:24 B C:\PremiaTemp\Premia5\scilab\Calibration\doc\rapport_src\fig\reel1_sigmaest60_n1m1_0_013.eps.bb <-- CERMICS /u/cermics/i/temam/Premia5/scilab/Calibration/doc/rapport_src/fig reel1_sigmaest60_n1m1_0_013.eps.bb
2003.02.06 10:24 B C:\PremiaTemp\Premia5\scilab\Calibration\doc\rapport_src\fig\reel1_sigmaest60_n1m1_0_013.eps.gz <-- CERMICS /u/cermics/i/temam/Premia5/scilab/Calibration/doc/rapport_src/fig reel1_sigmaest60_n1m1_0_013.eps.gz
2003.02.06 10:24 B C:\PremiaTemp\Premia5\scilab\Calibration\doc\rapport_src\fig\reel1_sigmaest90_n1m1_0_013.eps.bb <-- CERMICS /u/cermics/i/temam/Premia5/scilab/Calibration/doc/rapport_src/fig reel1_sigmaest90_n1m1_0_013.eps.bb
2003.02.06 10:24 B C:\PremiaTemp\Premia5\scilab\Calibration\doc\rapport_src\fig\reel1_sigmaest90_n1m1_0_013.eps.gz <-- CERMICS /u/cermics/i/temam/Premia5/scilab/Calibration/doc/rapport_src/fig reel1_sigmaest90_n1m1_0_013.eps.gz
2003.02.06 10:24 B C:\PremiaTemp\Premia5\scilab\Calibration\doc\rapport_src\fig\reel1_sigmaest_n12m12_0_013.eps.bb <-- CERMICS /u/cermics/i/temam/Premia5/scilab/Calibration/doc/rapport_src/fig reel1_sigmaest_n12m12_0_013.eps.bb
2003.02.06 10:24 B C:\PremiaTemp\Premia5\scilab\Calibration\doc\rapport_src\fig\reel1_sigmaest_n12m12_0_013.eps.gz <-- CERMICS /u/cermics/i/temam/Premia5/scilab/Calibration/doc/rapport_src/fig reel1_sigmaest_n12m12_0_013.eps.gz
2003.02.06 10:24 B C:\PremiaTemp\Premia5\scilab\Calibration\doc\rapport_src\fig\reel1_sigmaest_n1m1_0_013.eps.bb <-- CERMICS /u/cermics/i/temam/Premia5/scilab/Calibration/doc/rapport_src/fig reel1_sigmaest_n1m1_0_013.eps.bb
2003.02.06 10:24 B C:\PremiaTemp\Premia5\scilab\Calibration\doc\rapport_src\fig\reel1_sigmaest_n1m1_0_013.eps.gz <-- CERMICS /u/cermics/i/temam/Premia5/scilab/Calibration/doc/rapport_src/fig reel1_sigmaest_n1m1_0_013.eps.gz
2003.02.06 10:24 B C:\PremiaTemp\Premia5\scilab\Calibration\doc\rapport_src\fig\reel1_sigmaest_n3m3_0_013.eps.bb <-- CERMICS /u/cermics/i/temam/Premia5/scilab/Calibration/doc/rapport_src/fig reel1_sigmaest_n3m3_0_013.eps.bb
2003.02.06 10:24 B C:\PremiaTemp\Premia5\scilab\Calibration\doc\rapport_src\fig\reel1_sigmaest_n3m3_0_013.eps.gz <-- CERMICS /u/cermics/i/temam/Premia5/scilab/Calibration/doc/rapport_src/fig reel1_sigmaest_n3m3_0_013.eps.gz
2003.02.06 10:24 B C:\PremiaTemp\Premia5\scilab\Calibration\doc\rapport_src\fig\reel1_sigmaest_n6m6_0_013.eps.bb <-- CERMICS /u/cermics/i/temam/Premia5/scilab/Calibration/doc/rapport_src/fig reel1_sigmaest_n6m6_0_013.eps.bb
2003.02.06 10:24 B C:\PremiaTemp\Premia5\scilab\Calibration\doc\rapport_src\fig\reel1_sigmaest_n6m6_0_013.eps.gz <-- CERMICS /u/cermics/i/temam/Premia5/scilab/Calibration/doc/rapport_src/fig reel1_sigmaest_n6m6_0_013.eps.gz
2003.02.06 10:24 B C:\PremiaTemp\Premia5\scilab\Calibration\doc\rapport_src\fig\reel1_v2_008_1_decfcout.eps.bb <-- CERMICS /u/cermics/i/temam/Premia5/scilab/Calibration/doc/rapport_src/fig reel1_v2_008_1_decfcout.eps.bb
2003.02.06 10:24 B C:\PremiaTemp\Premia5\scilab\Calibration\doc\rapport_src\fig\reel1_v2_008_1_decfcout.eps.gz <-- CERMICS /u/cermics/i/temam/Premia5/scilab/Calibration/doc/rapport_src/fig reel1_v2_008_1_decfcout.eps.gz
2003.02.06 10:24 B C:\PremiaTemp\Premia5\scilab\Calibration\doc\rapport_src\fig\reel1_v2_008_1_sigmaest120_n1m1_0_013.eps.bb <-- CERMICS /u/cermics/i/temam/Premia5/scilab/Calibration/doc/rapport_src/fig reel1_v2_008_1_sigmaest120_n1m1_0_013.eps.bb
2003.02.06 10:24 B C:\PremiaTemp\Premia5\scilab\Calibration\doc\rapport_src\fig\reel1_v2_008_1_sigmaest120_n1m1_0_013.eps.gz <-- CERMICS /u/cermics/i/temam/Premia5/scilab/Calibration/doc/rapport_src/fig reel1_v2_008_1_sigmaest120_n1m1_0_013.eps.gz
2003.02.06 10:24 B C:\PremiaTemp\Premia5\scilab\Calibration\doc\rapport_src\fig\reel1_v2_008_1_sigmaest60_n1m1_0_013.eps.bb <-- CERMICS /u/cermics/i/temam/Premia5/scilab/Calibration/doc/rapport_src/fig reel1_v2_008_1_sigmaest60_n1m1_0_013.eps.bb
2003.02.06 10:24 B C:\PremiaTemp\Premia5\scilab\Calibration\doc\rapport_src\fig\reel1_v2_008_1_sigmaest60_n1m1_0_013.eps.gz <-- CERMICS /u/cermics/i/temam/Premia5/scilab/Calibration/doc/rapport_src/fig reel1_v2_008_1_sigmaest60_n1m1_0_013.eps.gz
2003.02.06 10:24 B C:\PremiaTemp\Premia5\scilab\Calibration\doc\rapport_src\fig\reel1_v2_008_1_sigmaest90_n1m1_0_013.eps.bb <-- CERMICS /u/cermics/i/temam/Premia5/scilab/Calibration/doc/rapport_src/fig reel1_v2_008_1_sigmaest90_n1m1_0_013.eps.bb
2003.02.06 10:24 B C:\PremiaTemp\Premia5\scilab\Calibration\doc\rapport_src\fig\reel1_v2_008_1_sigmaest90_n1m1_0_013.eps.gz <-- CERMICS /u/cermics/i/temam/Premia5/scilab/Calibration/doc/rapport_src/fig reel1_v2_008_1_sigmaest90_n1m1_0_013.eps.gz
2003.02.06 10:24 B C:\PremiaTemp\Premia5\scilab\Calibration\doc\rapport_src\fig\reel1_v2_008_1_sigmaest_n12m12_0_013.eps.bb <-- CERMICS /u/cermics/i/temam/Premia5/scilab/Calibration/doc/rapport_src/fig reel1_v2_008_1_sigmaest_n12m12_0_013.eps.bb
2003.02.06 10:24 B C:\PremiaTemp\Premia5\scilab\Calibration\doc\rapport_src\fig\reel1_v2_008_1_sigmaest_n12m12_0_013.eps.gz <-- CERMICS /u/cermics/i/temam/Premia5/scilab/Calibration/doc/rapport_src/fig reel1_v2_008_1_sigmaest_n12m12_0_013.eps.gz
2003.02.06 10:24 B C:\PremiaTemp\Premia5\scilab\Calibration\doc\rapport_src\fig\reel1_v2_008_1_sigmaest_n1m1_0_013.eps.bb <-- CERMICS /u/cermics/i/temam/Premia5/scilab/Calibration/doc/rapport_src/fig reel1_v2_008_1_sigmaest_n1m1_0_013.eps.bb
2003.02.06 10:24 B C:\PremiaTemp\Premia5\scilab\Calibration\doc\rapport_src\fig\reel1_v2_008_1_sigmaest_n1m1_0_013.eps.gz <-- CERMICS /u/cermics/i/temam/Premia5/scilab/Calibration/doc/rapport_src/fig reel1_v2_008_1_sigmaest_n1m1_0_013.eps.gz
2003.02.06 10:24 B C:\PremiaTemp\Premia5\scilab\Calibration\doc\rapport_src\fig\reel1_v2_008_1_sigmaest_n3m3_0_013.eps.bb <-- CERMICS /u/cermics/i/temam/Premia5/scilab/Calibration/doc/rapport_src/fig reel1_v2_008_1_sigmaest_n3m3_0_013.eps.bb
2003.02.06 10:24 B C:\PremiaTemp\Premia5\scilab\Calibration\doc\rapport_src\fig\reel1_v2_008_1_sigmaest_n3m3_0_013.eps.gz <-- CERMICS /u/cermics/i/temam/Premia5/scilab/Calibration/doc/rapport_src/fig reel1_v2_008_1_sigmaest_n3m3_0_013.eps.gz
2003.02.06 10:24 B C:\PremiaTemp\Premia5\scilab\Calibration\doc\rapport_src\fig\reel1_v2_008_1_sigmaest_n6m6_0_013.eps.bb <-- CERMICS /u/cermics/i/temam/Premia5/scilab/Calibration/doc/rapport_src/fig reel1_v2_008_1_sigmaest_n6m6_0_013.eps.bb
2003.02.06 10:24 B C:\PremiaTemp\Premia5\scilab\Calibration\doc\rapport_src\fig\reel1_v2_008_1_sigmaest_n6m6_0_013.eps.gz <-- CERMICS /u/cermics/i/temam/Premia5/scilab/Calibration/doc/rapport_src/fig reel1_v2_008_1_sigmaest_n6m6_0_013.eps.gz
2003.02.06 10:24 B C:\PremiaTemp\Premia5\scilab\Calibration\doc\rapport_src\fig\tanh.eps.bb <-- CERMICS /u/cermics/i/temam/Premia5/scilab/Calibration/doc/rapport_src/fig tanh.eps.bb
2003.02.06 10:24 B C:\PremiaTemp\Premia5\scilab\Calibration\doc\rapport_src\fig\tanh.eps.gz <-- CERMICS /u/cermics/i/temam/Premia5/scilab/Calibration/doc/rapport_src/fig tanh.eps.gz
