2003.02.06 10:24 B C:\PremiaTemp\Premia5\scilab\Calibration\doc\rapport_src\ALIRE <-- CERMICS /u/cermics/i/temam/Premia5/scilab/Calibration/doc/rapport_src ALIRE
2003.02.06 10:24 B C:\PremiaTemp\Premia5\scilab\Calibration\doc\rapport_src\ALIRE.old <-- CERMICS /u/cermics/i/temam/Premia5/scilab/Calibration/doc/rapport_src ALIRE.old
2003.02.06 10:24 B C:\PremiaTemp\Premia5\scilab\Calibration\doc\rapport_src\annexe_gradF1.tex <-- CERMICS /u/cermics/i/temam/Premia5/scilab/Calibration/doc/rapport_src annexe_gradF1.tex
2003.02.06 10:24 B C:\PremiaTemp\Premia5\scilab\Calibration\doc\rapport_src\annexe_gradG.tex <-- CERMICS /u/cermics/i/temam/Premia5/scilab/Calibration/doc/rapport_src annexe_gradG.tex
2003.02.06 10:24 B C:\PremiaTemp\Premia5\scilab\Calibration\doc\rapport_src\annexe_spline.tex <-- CERMICS /u/cermics/i/temam/Premia5/scilab/Calibration/doc/rapport_src annexe_spline.tex
2003.02.06 10:24 B C:\PremiaTemp\Premia5\scilab\Calibration\doc\rapport_src\biblio.bib <-- CERMICS /u/cermics/i/temam/Premia5/scilab/Calibration/doc/rapport_src biblio.bib
2003.02.06 10:24 B C:\PremiaTemp\Premia5\scilab\Calibration\doc\rapport_src\conclusion.tex <-- CERMICS /u/cermics/i/temam/Premia5/scilab/Calibration/doc/rapport_src conclusion.tex
2003.02.06 10:24 B C:\PremiaTemp\Premia5\scilab\Calibration\doc\rapport_src\introduction.tex <-- CERMICS /u/cermics/i/temam/Premia5/scilab/Calibration/doc/rapport_src introduction.tex
2003.02.06 10:24 B C:\PremiaTemp\Premia5\scilab\Calibration\doc\rapport_src\Logo-INRIA-couleur.epsi <-- CERMICS /u/cermics/i/temam/Premia5/scilab/Calibration/doc/rapport_src Logo-INRIA-couleur.epsi
2003.02.06 10:24 B C:\PremiaTemp\Premia5\scilab\Calibration\doc\rapport_src\Logo-INRIA-couleur.pdf <-- CERMICS /u/cermics/i/temam/Premia5/scilab/Calibration/doc/rapport_src Logo-INRIA-couleur.pdf
2003.02.06 10:24 B C:\PremiaTemp\Premia5\scilab\Calibration\doc\rapport_src\Logo-INRIA-Futurs-couleur.epsi <-- CERMICS /u/cermics/i/temam/Premia5/scilab/Calibration/doc/rapport_src Logo-INRIA-Futurs-couleur.epsi
2003.02.06 10:24 B C:\PremiaTemp\Premia5\scilab\Calibration\doc\rapport_src\Logo-INRIA-Futurs-couleur.pdf <-- CERMICS /u/cermics/i/temam/Premia5/scilab/Calibration/doc/rapport_src Logo-INRIA-Futurs-couleur.pdf
2003.02.06 10:24 B C:\PremiaTemp\Premia5\scilab\Calibration\doc\rapport_src\Logo-INRIA-Lorraine-couleur.epsi <-- CERMICS /u/cermics/i/temam/Premia5/scilab/Calibration/doc/rapport_src Logo-INRIA-Lorraine-couleur.epsi
2003.02.06 10:24 B C:\PremiaTemp\Premia5\scilab\Calibration\doc\rapport_src\Logo-INRIA-Lorraine-couleur.pdf <-- CERMICS /u/cermics/i/temam/Premia5/scilab/Calibration/doc/rapport_src Logo-INRIA-Lorraine-couleur.pdf
2003.02.06 10:24 B C:\PremiaTemp\Premia5\scilab\Calibration\doc\rapport_src\Logo-INRIA-picto.epsi <-- CERMICS /u/cermics/i/temam/Premia5/scilab/Calibration/doc/rapport_src Logo-INRIA-picto.epsi
2003.02.06 10:24 B C:\PremiaTemp\Premia5\scilab\Calibration\doc\rapport_src\Logo-INRIA-picto.pdf <-- CERMICS /u/cermics/i/temam/Premia5/scilab/Calibration/doc/rapport_src Logo-INRIA-picto.pdf
2003.02.06 10:24 B C:\PremiaTemp\Premia5\scilab\Calibration\doc\rapport_src\Logo-INRIA-Rennes-couleur.epsi <-- CERMICS /u/cermics/i/temam/Premia5/scilab/Calibration/doc/rapport_src Logo-INRIA-Rennes-couleur.epsi
2003.02.06 10:24 B C:\PremiaTemp\Premia5\scilab\Calibration\doc\rapport_src\Logo-INRIA-Rennes-couleur.pdf <-- CERMICS /u/cermics/i/temam/Premia5/scilab/Calibration/doc/rapport_src Logo-INRIA-Rennes-couleur.pdf
2003.02.06 10:24 B C:\PremiaTemp\Premia5\scilab\Calibration\doc\rapport_src\Logo-INRIA-Rhone-Alpes-couleur.epsi <-- CERMICS /u/cermics/i/temam/Premia5/scilab/Calibration/doc/rapport_src Logo-INRIA-Rhone-Alpes-couleur.epsi
2003.02.06 10:24 B C:\PremiaTemp\Premia5\scilab\Calibration\doc\rapport_src\Logo-INRIA-Rhone-Alpes-couleur.pdf <-- CERMICS /u/cermics/i/temam/Premia5/scilab/Calibration/doc/rapport_src Logo-INRIA-Rhone-Alpes-couleur.pdf
2003.02.06 10:24 B C:\PremiaTemp\Premia5\scilab\Calibration\doc\rapport_src\Logo-INRIA-Rocq-couleur.epsi <-- CERMICS /u/cermics/i/temam/Premia5/scilab/Calibration/doc/rapport_src Logo-INRIA-Rocq-couleur.epsi
2003.02.06 10:24 B C:\PremiaTemp\Premia5\scilab\Calibration\doc\rapport_src\Logo-INRIA-Rocq-couleur.pdf <-- CERMICS /u/cermics/i/temam/Premia5/scilab/Calibration/doc/rapport_src Logo-INRIA-Rocq-couleur.pdf
2003.02.06 10:24 B C:\PremiaTemp\Premia5\scilab\Calibration\doc\rapport_src\Logo-INRIA-Sophia-couleur.epsi <-- CERMICS /u/cermics/i/temam/Premia5/scilab/Calibration/doc/rapport_src Logo-INRIA-Sophia-couleur.epsi
2003.02.06 10:24 B C:\PremiaTemp\Premia5\scilab\Calibration\doc\rapport_src\Logo-INRIA-Sophia-couleur.pdf <-- CERMICS /u/cermics/i/temam/Premia5/scilab/Calibration/doc/rapport_src Logo-INRIA-Sophia-couleur.pdf
2003.02.06 10:24 B C:\PremiaTemp\Premia5\scilab\Calibration\doc\rapport_src\Logo-INRIA-vertical.epsi <-- CERMICS /u/cermics/i/temam/Premia5/scilab/Calibration/doc/rapport_src Logo-INRIA-vertical.epsi
2003.02.06 10:24 B C:\PremiaTemp\Premia5\scilab\Calibration\doc\rapport_src\Logo-INRIA.epsi <-- CERMICS /u/cermics/i/temam/Premia5/scilab/Calibration/doc/rapport_src Logo-INRIA.epsi
2003.02.06 10:24 B C:\PremiaTemp\Premia5\scilab\Calibration\doc\rapport_src\macro.tex <-- CERMICS /u/cermics/i/temam/Premia5/scilab/Calibration/doc/rapport_src macro.tex
2003.02.06 10:24 B C:\PremiaTemp\Premia5\scilab\Calibration\doc\rapport_src\NOUVEAUTE <-- CERMICS /u/cermics/i/temam/Premia5/scilab/Calibration/doc/rapport_src NOUVEAUTE
2003.02.06 10:24 B C:\PremiaTemp\Premia5\scilab\Calibration\doc\rapport_src\pb_direct.tex <-- CERMICS /u/cermics/i/temam/Premia5/scilab/Calibration/doc/rapport_src pb_direct.tex
2003.02.06 10:24 B C:\PremiaTemp\Premia5\scilab\Calibration\doc\rapport_src\pb_inverse.tex <-- CERMICS /u/cermics/i/temam/Premia5/scilab/Calibration/doc/rapport_src pb_inverse.tex
2003.02.06 10:24 B C:\PremiaTemp\Premia5\scilab\Calibration\doc\rapport_src\rap-rech.epsi <-- CERMICS /u/cermics/i/temam/Premia5/scilab/Calibration/doc/rapport_src rap-rech.epsi
2003.02.06 10:24 B C:\PremiaTemp\Premia5\scilab\Calibration\doc\rapport_src\rap-rech.pdf <-- CERMICS /u/cermics/i/temam/Premia5/scilab/Calibration/doc/rapport_src rap-rech.pdf
2003.02.06 10:24 B C:\PremiaTemp\Premia5\scilab\Calibration\doc\rapport_src\rap-tech.epsi <-- CERMICS /u/cermics/i/temam/Premia5/scilab/Calibration/doc/rapport_src rap-tech.epsi
2003.02.06 10:24 B C:\PremiaTemp\Premia5\scilab\Calibration\doc\rapport_src\rap-tech.pdf <-- CERMICS /u/cermics/i/temam/Premia5/scilab/Calibration/doc/rapport_src rap-tech.pdf
2003.02.06 10:24 B C:\PremiaTemp\Premia5\scilab\Calibration\doc\rapport_src\rapport_inria.ps.gz <-- CERMICS /u/cermics/i/temam/Premia5/scilab/Calibration/doc/rapport_src rapport_inria.ps.gz
2003.02.06 10:24 B C:\PremiaTemp\Premia5\scilab\Calibration\doc\rapport_src\rapport_inria.tex <-- CERMICS /u/cermics/i/temam/Premia5/scilab/Calibration/doc/rapport_src rapport_inria.tex
2003.02.06 10:24 B C:\PremiaTemp\Premia5\scilab\Calibration\doc\rapport_src\remerciements.tex <-- CERMICS /u/cermics/i/temam/Premia5/scilab/Calibration/doc/rapport_src remerciements.tex
2003.02.06 10:24 B C:\PremiaTemp\Premia5\scilab\Calibration\doc\rapport_src\resultats.tex <-- CERMICS /u/cermics/i/temam/Premia5/scilab/Calibration/doc/rapport_src resultats.tex
2003.02.06 10:24 B C:\PremiaTemp\Premia5\scilab\Calibration\doc\rapport_src\RR-4648 <-- CERMICS /u/cermics/i/temam/Premia5/scilab/Calibration/doc/rapport_src RR-4648
2003.02.06 10:24 B C:\PremiaTemp\Premia5\scilab\Calibration\doc\rapport_src\RR-INRIA.tar.gz <-- CERMICS /u/cermics/i/temam/Premia5/scilab/Calibration/doc/rapport_src RR-INRIA.tar.gz
2003.02.06 10:24 B C:\PremiaTemp\Premia5\scilab\Calibration\doc\rapport_src\RR.dtx <-- CERMICS /u/cermics/i/temam/Premia5/scilab/Calibration/doc/rapport_src RR.dtx
2003.02.06 10:24 B C:\PremiaTemp\Premia5\scilab\Calibration\doc\rapport_src\RR.ins <-- CERMICS /u/cermics/i/temam/Premia5/scilab/Calibration/doc/rapport_src RR.ins
2003.02.06 10:24 B C:\PremiaTemp\Premia5\scilab\Calibration\doc\rapport_src\RR.ps.gz <-- CERMICS /u/cermics/i/temam/Premia5/scilab/Calibration/doc/rapport_src RR.ps.gz
2003.02.06 10:24 B C:\PremiaTemp\Premia5\scilab\Calibration\doc\rapport_src\RR.sty <-- CERMICS /u/cermics/i/temam/Premia5/scilab/Calibration/doc/rapport_src RR.sty
2003.02.06 10:24 B C:\PremiaTemp\Premia5\scilab\Calibration\doc\rapport_src\RRA4.sty <-- CERMICS /u/cermics/i/temam/Premia5/scilab/Calibration/doc/rapport_src RRA4.sty
2003.02.06 10:24 B C:\PremiaTemp\Premia5\scilab\Calibration\doc\rapport_src\saisie-rr.ps.gz <-- CERMICS /u/cermics/i/temam/Premia5/scilab/Calibration/doc/rapport_src saisie-rr.ps.gz
2003.02.06 10:24 B C:\PremiaTemp\Premia5\scilab\Calibration\doc\rapport_src\squelette-rr.ps.gz <-- CERMICS /u/cermics/i/temam/Premia5/scilab/Calibration/doc/rapport_src squelette-rr.ps.gz
2003.02.06 10:24 B C:\PremiaTemp\Premia5\scilab\Calibration\doc\rapport_src\squelette-rr.tex <-- CERMICS /u/cermics/i/temam/Premia5/scilab/Calibration/doc/rapport_src squelette-rr.tex
